Dec 05, 2019 9:20:01 PM Server <init>
INFO: Server3initialization
Dec 05, 2019 9:20:01 PM Server$ChannelHandler run
INFO: Inside run before while
Dec 05, 2019 9:20:01 PM Server$ChannelHandler run
INFO: Inside run()
Dec 05, 2019 9:20:01 PM Server$ChannelHandler run
INFO: after socket input  initializationSocket[addr=localhost/127.0.0.1,port=9003,localport=64976]
Dec 05, 2019 9:20:01 PM Server$ChannelHandler run
INFO: Inside run before while
Dec 05, 2019 9:20:01 PM Server$ChannelHandler run
INFO: Inside run()
Dec 05, 2019 9:20:01 PM Server$ChannelHandler run
INFO: after socket input  initializationSocket[addr=localhost/127.0.0.1,port=5003,localport=64977]
Dec 05, 2019 9:20:01 PM Server$ChannelHandler run
INFO: Inside run before while
Dec 05, 2019 9:20:01 PM Server$ChannelHandler run
INFO: Inside run()
Dec 05, 2019 9:20:01 PM Server$ChannelHandler run
INFO: after socket input  initializationSocket[addr=localhost/127.0.0.1,port=6006,localport=64978]
Dec 05, 2019 9:20:08 PM Server <init>
INFO: Starting thread number3
Dec 05, 2019 9:20:08 PM Server$ChannelHandler run
INFO: Inside run before while
Dec 05, 2019 9:20:08 PM Server$ChannelHandler run
INFO: Inside run()
Dec 05, 2019 9:20:08 PM Server$ChannelHandler run
INFO: after socket input  initializationSocket[addr=/127.0.0.1,port=64983,localport=7009]
Dec 05, 2019 9:20:16 PM Server <init>
INFO: Starting thread number4
Dec 05, 2019 9:20:16 PM Server$ChannelHandler run
INFO: Inside run before while
Dec 05, 2019 9:20:16 PM Server$ChannelHandler run
INFO: Inside run()
Dec 05, 2019 9:20:16 PM Server$ChannelHandler run
INFO: after socket input  initializationSocket[addr=/127.0.0.1,port=64987,localport=7010]
Dec 05, 2019 9:20:33 PM Server <init>
INFO: Starting thread number5
Dec 05, 2019 9:20:33 PM Server$ChannelHandler run
INFO: Inside run before while
Dec 05, 2019 9:20:33 PM Server$ChannelHandler run
INFO: Inside run()
Dec 05, 2019 9:20:33 PM Server$ChannelHandler run
INFO: after socket input  initializationSocket[addr=/127.0.0.1,port=64995,localport=10005]
Dec 05, 2019 9:20:40 PM Server <init>
INFO: Starting thread number6
Dec 05, 2019 9:20:40 PM Server <init>
INFO: connected to all clients
Dec 05, 2019 9:20:40 PM Server$ChannelHandler run
INFO: Inside run before while
Dec 05, 2019 9:20:40 PM Server$ChannelHandler run
INFO: Inside run()
Dec 05, 2019 9:20:40 PM Server$ChannelHandler run
INFO: after socket input  initializationSocket[addr=/127.0.0.1,port=65001,localport=10006]
Dec 05, 2019 9:23:00 PM Server$ChannelHandler run
INFO: Message from the client 1of type CREATECOMMAND
Dec 05, 2019 9:23:05 PM Server$ChannelHandler run
INFO: Message from the client 1of type CREATECOMMAND
Dec 05, 2019 9:23:05 PM Server$ChannelHandler run
INFO: Message from the client 1of type CREATECOMMAND
Dec 05, 2019 9:23:05 PM Server$ChannelHandler run
INFO: Message from the client 1of type CREATECOMMAND
Dec 05, 2019 9:23:10 PM Server$ChannelHandler run
INFO: Message from the client 1of type CREATECOMMAND
Dec 05, 2019 9:23:10 PM Server$ChannelHandler run
INFO: Message from the client 1of type CREATECOMMAND
Dec 05, 2019 9:23:15 PM Server$ChannelHandler run
INFO: Message from the client 1of type CREATECOMMAND
Dec 05, 2019 9:23:15 PM Server$ChannelHandler run
INFO: Message from the client 1of type CREATECOMMAND
Dec 05, 2019 9:23:20 PM Server$ChannelHandler run
INFO: Message from the client 1of type CREATECOMMAND
Dec 05, 2019 9:23:20 PM Server$ChannelHandler run
INFO: Message from the client 1of type CREATECOMMAND
